Fri Mar 23 03:16:58 EDT 2018 RTHOMAS.comp320 boot!
Fri Mar 23 03:17:15 EDT 2018 RTHOMAS.comp320 shutdown!
Fri Mar 23 03:23:12 EDT 2018 RTHOMAS.comp320 boot!
Fri Mar 23 03:23:40 EDT 2018 RTHOMAS.comp320 shutdown!
Fri Mar 23 03:23:50 EDT 2018 RTHOMAS.comp320 boot!
Fri Mar 23 03:23:55 EDT 2018 RTHOMAS.comp320 shutdown!
Thu Mar 22 19:58:37 EDT 2018 RTHOMAS.comp320 boot!
Fri Mar 23 03:47:33 EDT 2018 RTHOMAS.comp320 shutdown!
Wed Mar 28 23:08:32 EDT 2018 RTHOMAS.comp320 boot!
Wed Mar 28 23:47:43 EDT 2018 RTHOMAS.comp320 shutdown!
Wed Mar 28 23:50:36 EDT 2018 RTHOMAS.comp320 boot!
Thu Mar 29 16:49:20 EDT 2018 RTHOMAS.comp320 shutdown!
Thu Mar 29 17:26:05 EDT 2018 RTHOMAS.comp320 boot!
Fri Mar 30 03:39:55 EDT 2018 RTHOMAS.comp320 shutdown!
Thu Apr 12 16:59:50 EDT 2018 RTHOMAS.comp320 boot!
Thu Apr 12 18:41:07 EDT 2018 RTHOMAS.comp320 boot!
Fri Apr 13 19:29:18 EDT 2018 RTHOMAS.comp320 boot!
Fri Apr 13 19:38:27 EDT 2018 RTHOMAS.comp320 boot!
Mon Apr 16 18:04:21 EDT 2018 RTHOMAS.comp320 boot!
Wed Apr 18 23:04:42 EDT 2018 RTHOMAS.comp320 boot!
Thu Apr 19 00:22:03 EDT 2018 RTHOMAS.comp320 shutdown!
Thu Apr 19 16:44:26 EDT 2018 RTHOMAS.comp320 boot!
Thu Apr 19 16:55:09 EDT 2018 RTHOMAS.comp320 boot!
Thu Apr 19 16:59:09 EDT 2018 RTHOMAS.comp320 shutdown!
Thu Apr 19 17:00:11 EDT 2018 server.comp320 boot!
Thu Apr 19 17:19:13 EDT 2018 server.comp320 shutdown!
Thu Apr 19 17:20:04 EDT 2018 server.comp320 boot!
Thu Apr 19 17:25:29 EDT 2018 server.comp320 shutdown!
Thu Apr 19 17:26:14 EDT 2018 server.comp320 boot!
Thu Apr 19 17:35:39 EDT 2018 server.comp320 shutdown!
Thu Apr 19 17:37:21 EDT 2018 server.comp320 boot!
Thu Apr 19 17:51:32 EDT 2018 server.comp320 shutdown!
Thu Apr 19 17:52:25 EDT 2018 server.comp320 boot!
Thu Apr 19 18:09:34 EDT 2018 server.comp320 shutdown!
Thu Apr 19 18:10:21 EDT 2018 server.comp320 boot!
Thu Apr 19 18:20:16 EDT 2018 server.comp320 shutdown!
Thu Apr 19 18:21:40 EDT 2018 server.comp320 boot!
Thu Apr 19 18:28:08 EDT 2018 server.comp320 shutdown!
Thu Apr 19 18:29:27 EDT 2018 server.comp320 boot!
Thu Apr 19 18:35:35 EDT 2018 server.comp320 boot!
Thu Apr 19 18:44:09 EDT 2018 server.comp320 shutdown!
Thu Apr 19 18:44:52 EDT 2018 server.comp320 boot!
Thu Apr 19 18:47:45 EDT 2018 server.comp320 boot!
Thu Apr 19 19:10:01 EDT 2018 server.comp320 shutdown!
Sun Apr 22 23:41:42 EDT 2018 server.comp320 boot!
Sun Apr 22 23:49:02 EDT 2018 server.comp320 shutdown!
Mon Apr 23 00:05:03 EDT 2018 server.comp320 boot!
Mon Apr 23 00:48:50 EDT 2018 server.comp320 shutdown!
Mon Apr 23 00:49:34 EDT 2018 server.comp320 boot!
Mon Apr 23 11:59:13 EDT 2018 server.comp320 boot!
Mon Apr 23 12:03:55 EDT 2018 server.comp320 shutdown!
Mon Apr 23 12:04:40 EDT 2018 server.comp320 boot!
Mon Apr 23 12:10:01 EDT 2018 server.comp320 boot!
Mon Apr 23 12:17:23 EDT 2018 server.comp320 boot!
Mon Apr 23 13:08:13 EDT 2018 server.comp320 boot!
Mon Apr 23 13:22:37 EDT 2018 server.comp320 shutdown!
Mon Apr 23 13:23:31 EDT 2018 server.comp320 boot!
Mon Apr 23 13:28:26 EDT 2018 server.comp320 boot!
Wed May 30 00:02:04 EDT 2018 server.comp320 boot!
Wed May 30 00:17:22 EDT 2018 server.comp320 boot!
